app/build/intermediates/manifest_merge_blame_file/debug/manifest-merger-blame-debug-report.txt
1<?xml version="1.0" encoding="utf-8"?>
2<manifest xmlns:android="http://schemas.android.com/apk/res/android"
3    package="com.ankhdigital.joinsport"
4    android:versionCode="1"
5    android:versionName="1.0" >
6
7    <uses-sdk
8        android:minSdkVersion="26"
8-->src/main/AndroidManifest.xml
9        android:targetSdkVersion="32" />
9-->src/main/AndroidManifest.xml
10
11    <application
11-->src/main/AndroidManifest.xml:6:5-51:19
12        android:allowBackup="true"
12-->src/main/AndroidManifest.xml:7:9-35
13        android:appComponentFactory="androidx.core.app.CoreComponentFactory"
13-->[androidx.core:core:1.8.0] AndroidManifest.xml:24:18-86
14        android:dataExtractionRules="@xml/data_extraction_rules"
14-->src/main/AndroidManifest.xml:8:9-65
15        android:debuggable="true"
16        android:extractNativeLibs="false"
17        android:fullBackupContent="@xml/backup_rules"
17-->src/main/AndroidManifest.xml:9:9-54
18        android:icon="@mipmap/ic_launcher"
18-->src/main/AndroidManifest.xml:10:9-43
19        android:label="@string/app_name"
19-->src/main/AndroidManifest.xml:11:9-41
20        android:roundIcon="@mipmap/ic_launcher_round"
20-->src/main/AndroidManifest.xml:12:9-54
21        android:supportsRtl="true"
21-->src/main/AndroidManifest.xml:13:9-35
22        android:testOnly="true"
23        android:theme="@style/Theme.JoinSport"
23-->src/main/AndroidManifest.xml:14:9-47
24        android:usesCleartextTraffic="true" >
24-->src/main/AndroidManifest.xml:15:9-44
25        <activity
25-->src/main/AndroidManifest.xml:17:9-20:59
26            android:name="com.ankhdigital.joinsport.MainActivity"
26-->src/main/AndroidManifest.xml:18:13-41
27            android:exported="false"
27-->src/main/AndroidManifest.xml:19:13-37
28            android:label="@string/title_activity_home" />
28-->src/main/AndroidManifest.xml:20:13-56
29        <activity
29-->src/main/AndroidManifest.xml:21:9-23:40
30            android:name="com.ankhdigital.joinsport.PlaceActivity"
30-->src/main/AndroidManifest.xml:22:13-42
31            android:exported="false" />
31-->src/main/AndroidManifest.xml:23:13-37
32        <!-- <activity -->
33        <!-- android:name=".SettingsActivity" -->
34        <!-- android:exported="false" /> -->
35        <!-- <activity -->
36        <!-- android:name=".UploadPostActivity" -->
37        <!-- android:exported="false" /> -->
38        <activity
38-->src/main/AndroidManifest.xml:30:9-32:40
39            android:name="com.ankhdigital.joinsport.DetailActivity"
39-->src/main/AndroidManifest.xml:31:13-43
40            android:exported="false" />
40-->src/main/AndroidManifest.xml:32:13-37
41        <activity
41-->src/main/AndroidManifest.xml:33:9-35:40
42            android:name="com.ankhdigital.joinsport.LoginActivity"
42-->src/main/AndroidManifest.xml:34:13-42
43            android:exported="false" />
43-->src/main/AndroidManifest.xml:35:13-37
44        <activity
44-->src/main/AndroidManifest.xml:36:9-38:40
45            android:name="com.ankhdigital.joinsport.OnBoardingActivity"
45-->src/main/AndroidManifest.xml:37:13-47
46            android:exported="false" />
46-->src/main/AndroidManifest.xml:38:13-37
47        <activity
47-->src/main/AndroidManifest.xml:39:9-47:20
48            android:name="com.ankhdigital.joinsport.RegisterActivity"
48-->src/main/AndroidManifest.xml:40:13-45
49            android:exported="true" >
49-->src/main/AndroidManifest.xml:41:13-36
50            <intent-filter>
50-->src/main/AndroidManifest.xml:42:13-46:29
51                <action android:name="android.intent.action.MAIN" />
51-->src/main/AndroidManifest.xml:43:17-69
51-->src/main/AndroidManifest.xml:43:25-66
52
53                <category android:name="android.intent.category.LAUNCHER" />
53-->src/main/AndroidManifest.xml:45:17-77
53-->src/main/AndroidManifest.xml:45:27-74
54            </intent-filter>
55        </activity>
56        <!-- <activity -->
57        <!-- android:name=".MainActivity" -->
58        <!-- android:exported="false" /> -->
59        <uses-library
59-->[androidx.window:window:1.0.0] AndroidManifest.xml:25:9-27:40
60            android:name="androidx.window.extensions"
60-->[androidx.window:window:1.0.0] AndroidManifest.xml:26:13-54
61            android:required="false" />
61-->[androidx.window:window:1.0.0] AndroidManifest.xml:27:13-37
62        <uses-library
62-->[androidx.window:window:1.0.0] AndroidManifest.xml:28:9-30:40
63            android:name="androidx.window.sidecar"
63-->[androidx.window:window:1.0.0] AndroidManifest.xml:29:13-51
64            android:required="false" />
64-->[androidx.window:window:1.0.0] AndroidManifest.xml:30:13-37
65
66        <provider
66-->[androidx.emoji2:emoji2:1.0.0] AndroidManifest.xml:26:9-34:20
67            android:name="androidx.startup.InitializationProvider"
67-->[androidx.emoji2:emoji2:1.0.0] AndroidManifest.xml:27:13-67
68            android:authorities="com.ankhdigital.joinsport.androidx-startup"
68-->[androidx.emoji2:emoji2:1.0.0] AndroidManifest.xml:28:13-68
69            android:exported="false" >
69-->[androidx.emoji2:emoji2:1.0.0] AndroidManifest.xml:29:13-37
70            <meta-data
70-->[androidx.emoji2:emoji2:1.0.0] AndroidManifest.xml:31:13-33:52
71                android:name="androidx.emoji2.text.EmojiCompatInitializer"
71-->[androidx.emoji2:emoji2:1.0.0] AndroidManifest.xml:32:17-75
72                android:value="androidx.startup" />
72-->[androidx.emoji2:emoji2:1.0.0] AndroidManifest.xml:33:17-49
73            <meta-data
73-->[androidx.lifecycle:lifecycle-process:2.4.0] AndroidManifest.xml:31:13-33:52
74                android:name="androidx.lifecycle.ProcessLifecycleInitializer"
74-->[androidx.lifecycle:lifecycle-process:2.4.0] AndroidManifest.xml:32:17-78
75                android:value="androidx.startup" />
75-->[androidx.lifecycle:lifecycle-process:2.4.0] AndroidManifest.xml:33:17-49
76        </provider>
77    </application>
78
79</manifest>